[    0.000000] Linux version 4.15.0-212-generic (buildd@lcy02-amd64-083) (gcc version 7.5.0 (Ubuntu 7.5.0-3ubuntu1~18.04)) #223-Ubuntu SMP Tue May 23 13:09:22 UTC 2023 (Ubuntu 4.15.0-212.223-generic 4.15.18)
[    0.000000] Command line: BOOT_IMAGE=/boot/vmlinuz-4.15.0-212-generic root=LABEL=cloudimg-rootfs ro console=tty1 console=ttyS0
[    0.000000] KERNEL supported cpus:
[    0.000000]   Intel GenuineIntel
[    0.000000]   AMD AuthenticAMD
[    0.000000]   Centaur CentaurHauls
[    0.000000] x86/fpu: Supporting XSAVE feature 0x001: 'x87 floating point registers'
[    0.000000] x86/fpu: Supporting XSAVE feature 0x002: 'SSE registers'
[    0.000000] x86/fpu: Supporting XSAVE feature 0x004: 'AVX registers'
[    0.000000] x86/fpu: xstate_offset[2]:  576, xstate_sizes[2]:  256
[    0.000000] x86/fpu: Enabled xstate features 0x7, context size is 832 bytes, using 'standard' format.
[    0.000000] e820: BIOS-provided physical RAM map:
[    0.000000] BIOS-e820: [mem 0x0000000000000000-0x000000000009fbff] usable
[    0.000000] BIOS-e820: [mem 0x000000000009fc00-0x000000000009ffff] reserved
[    0.000000] BIOS-e820: [mem 0x00000000000f0000-0x00000000000fffff] reserved
[    0.000000] BIOS-e820: [mem 0x0000000000100000-0x00000000dffeffff] usable
[    0.000000] BIOS-e820: [mem 0x00000000dfff0000-0x00000000dfffffff] ACPI data
[    0.000000] BIOS-e820: [mem 0x00000000fec00000-0x00000000fec00fff] reserved
[    0.000000] BIOS-e820: [mem 0x00000000fee00000-0x00000000fee00fff] reserved
[    0.000000] BIOS-e820: [mem 0x00000000fffc0000-0x00000000ffffffff] reserved
[    0.000000] BIOS-e820: [mem 0x0000000100000000-0x000000021fffffff] usable
[    0.000000] NX (Execute Disable) protection: active
[    0.000000] SMBIOS 2.5 present.
[    0.000000] DMI: innotek GmbH VirtualBox/VirtualBox, BIOS VirtualBox 12/01/2006
[    0.000000] Hypervisor detected: KVM
[    0.000000] e820: last_pfn = 0x220000 max_arch_pfn = 0x400000000
[    0.000000] MTRR: Disabled
[    0.000000] x86/PAT: MTRRs disabled, skipping PAT initialization too.
[    0.000000] CPU MTRRs all blank - virtualized system.
[    0.000000] x86/PAT: Configuration [0-7]: WB  WT  UC- UC  WB  WT  UC- UC  
[    0.000000] e820: last_pfn = 0xdfff0 max_arch_pfn = 0x400000000
[    0.000000] found SMP MP-table at [mem 0x0009fff0-0x0009ffff]
[    0.000000] Scanning 1 areas for low memory corruption
[    0.000000] RAMDISK: [mem 0x359cb000-0x36cdcfff]
[    0.000000] ACPI: Early table checksum verification disabled
[    0.000000] ACPI: RSDP 0x00000000000E0000 000024 (v02 VBOX  )
[    0.000000] ACPI: XSDT 0x00000000DFFF0030 00003C (v01 VBOX   VBOXXSDT 00000001 ASL  00000061)
[    0.000000] ACPI: FACP 0x00000000DFFF00F0 0000F4 (v04 VBOX   VBOXFACP 00000001 ASL  00000061)
[    0.000000] ACPI: DSDT 0x00000000DFFF0620 002353 (v02 VBOX   VBOXBIOS 00000002 INTL 20210930)
[    0.000000] ACPI: FACS 0x00000000DFFF0200 000040
[    0.000000] ACPI: FACS 0x00000000DFFF0200 000040
[    0.000000] ACPI: APIC 0x00000000DFFF0240 00006C (v02 VBOX   VBOXAPIC 00000001 ASL  00000061)
[    0.000000] ACPI: SSDT 0x00000000DFFF02B0 00036C (v01 VBOX   VBOXCPUT 00000002 INTL 20210930)
[    0.000000] ACPI: Reserving FACP table memory at [mem 0xdfff00f0-0xdfff01e3]
[    0.000000] ACPI: Reserving DSDT table memory at [mem 0xdfff0620-0xdfff2972]
[    0.000000] ACPI: Reserving FACS table memory at [mem 0xdfff0200-0xdfff023f]
[    0.000000] ACPI: Reserving FACS table memory at [mem 0xdfff0200-0xdfff023f]
[    0.000000] ACPI: Reserving APIC table memory at [mem 0xdfff0240-0xdfff02ab]
[    0.000000] ACPI: Reserving SSDT table memory at [mem 0xdfff02b0-0xdfff061b]
[    0.000000] No NUMA configuration found
[    0.000000] Faking a node at [mem 0x0000000000000000-0x000000021fffffff]
[    0.000000] NODE_DATA(0) allocated [mem 0x21ffd1000-0x21fffbfff]
[    0.000000] kvm-clock: cpu 0, msr 2:1ff50001, primary cpu clock
[    0.000000] kvm-clock: Using msrs 4b564d01 and 4b564d00
[    0.000000] kvm-clock: using sched offset of 3115408575 cycles
[    0.000000] clocksource: kvm-clock: mask: 0xffffffffffffffff max_cycles: 0x1cd42e4dffb, max_idle_ns: 881590591483 ns
[    0.000000] Zone ranges:
[    0.000000]   DMA      [mem 0x0000000000001000-0x0000000000ffffff]
[    0.000000]   DMA32    [mem 0x0000000001000000-0x00000000ffffffff]
[    0.000000]   Normal   [mem 0x0000000100000000-0x000000021fffffff]
[    0.000000]   Device   empty
[    0.000000] Movable zone start for each node
[    0.000000] Early memory node ranges
[    0.000000]   node   0: [mem 0x0000000000001000-0x000000000009efff]
[    0.000000]   node   0: [mem 0x0000000000100000-0x00000000dffeffff]
[    0.000000]   node   0: [mem 0x0000000100000000-0x000000021fffffff]
[    0.000000] Reserved but unavailable: 104 pages
[    0.000000] Initmem setup node 0 [mem 0x0000000000001000-0x000000021fffffff]
[    0.000000] ACPI: PM-Timer IO Port: 0x4008
[    0.000000] IOAPIC[0]: apic_id 4, version 32, address 0xfec00000, GSI 0-23
[    0.000000] ACPI: INT_SRC_OVR (bus 0 bus_irq 0 global_irq 2 dfl dfl)
[    0.000000] ACPI: INT_SRC_OVR (bus 0 bus_irq 9 global_irq 9 low level)
[    0.000000] Using ACPI (MADT) for SMP configuration information
[    0.000000] smpboot: Allowing 4 CPUs, 0 hotplug CPUs
[    0.000000] PM: Registered nosave memory: [mem 0x00000000-0x00000fff]
[    0.000000] PM: Registered nosave memory: [mem 0x0009f000-0x0009ffff]
[    0.000000] PM: Registered nosave memory: [mem 0x000a0000-0x000effff]
[    0.000000] PM: Registered nosave memory: [mem 0x000f0000-0x000fffff]
[    0.000000] PM: Registered nosave memory: [mem 0xdfff0000-0xdfffffff]
[    0.000000] PM: Registered nosave memory: [mem 0xe0000000-0xfebfffff]
[    0.000000] PM: Registered nosave memory: [mem 0xfec00000-0xfec00fff]
[    0.000000] PM: Registered nosave memory: [mem 0xfec01000-0xfedfffff]
[    0.000000] PM: Registered nosave memory: [mem 0xfee00000-0xfee00fff]
[    0.000000] PM: Registered nosave memory: [mem 0xfee01000-0xfffbffff]
[    0.000000] PM: Registered nosave memory: [mem 0xfffc0000-0xffffffff]
[    0.000000] e820: [mem 0xe0000000-0xfebfffff] available for PCI devices
[    0.000000] Booting paravirtualized kernel on KVM
[    0.000000] clocksource: refined-jiffies: mask: 0xffffffff max_cycles: 0xffffffff, max_idle_ns: 7645519600211568 ns
[    0.000000] setup_percpu: NR_CPUS:8192 nr_cpumask_bits:4 nr_cpu_ids:4 nr_node_ids:1
[    0.000000] percpu: Embedded 50 pages/cpu s167936 r8192 d28672 u524288
[    0.000000] PV qspinlock hash table entries: 256 (order: 0, 4096 bytes)
[    0.000000] Built 1 zonelists, mobility grouping on.  Total pages: 2064249
[    0.000000] Policy zone: Normal
[    0.000000] Kernel command line: BOOT_IMAGE=/boot/vmlinuz-4.15.0-212-generic root=LABEL=cloudimg-rootfs ro console=tty1 console=ttyS0
[    0.000000] Memory: 8141620K/8388152K available (12300K kernel code, 2477K rwdata, 4324K rodata, 2480K init, 2720K bss, 246532K reserved, 0K cma-reserved)
[    0.000000] SLUB: HWalign=64, Order=0-3, MinObjects=0, CPUs=4, Nodes=1
[    0.000000] Kernel/User page tables isolation: enabled
[    0.000000] ftrace: allocating 39508 entries in 155 pages
[    0.004000] Hierarchical RCU implementation.
[    0.004000] 	RCU restricting CPUs from NR_CPUS=8192 to nr_cpu_ids=4.
[    0.004000] 	Tasks RCU enabled.
[    0.004000] RCU: Adjusting geometry for rcu_fanout_leaf=16, nr_cpu_ids=4
[    0.004000] NR_IRQS: 524544, nr_irqs: 456, preallocated irqs: 16
[    0.004000] random: crng init done
[    0.004000] Console: colour VGA+ 80x25
[    0.004000] console [tty1] enabled
[    0.004000] console [ttyS0] enabled
[    0.004000] ACPI: Core revision 20170831
[    0.004000] ACPI: 2 ACPI AML tables successfully acquired and loaded
[    0.004000] APIC: Switch to symmetric I/O mode setup
[    0.004000] x2apic enabled
[    0.004018] Switched APIC routing to physical x2apic.
[    0.012000] ..TIMER: vector=0x30 apic1=0 pin1=2 apic2=-1 pin2=-1
[    0.012002] tsc: Detected 2308.718 MHz processor
[    0.014544] Calibrating delay loop (skipped) preset value.. 4617.43 BogoMIPS (lpj=9234872)
[    0.016002] pid_max: default: 32768 minimum: 301
[    0.020033] Security Framework initialized
[    0.024002] Yama: becoming mindful.
[    0.026034] AppArmor: AppArmor initialized
[    0.034556] Dentry cache hash table entries: 1048576 (order: 11, 8388608 bytes)
[    0.042385] Inode-cache hash table entries: 524288 (order: 10, 4194304 bytes)
[    0.044103] Mount-cache hash table entries: 16384 (order: 5, 131072 bytes)
[    0.048098] Mountpoint-cache hash table entries: 16384 (order: 5, 131072 bytes)
[    0.053130] Last level iTLB entries: 4KB 64, 2MB 8, 4MB 8
[    0.056002] Last level dTLB entries: 4KB 64, 2MB 0, 4MB 0, 1GB 4
[    0.060015] Spectre V1 : Mitigation: usercopy/swapgs barriers and __user pointer sanitization
[    0.064003] Spectre V2 : Mitigation: Retpolines
[    0.068002] Spectre V2 : Spectre v2 / SpectreRSB mitigation: Filling RSB on context switch
[    0.072002] Spectre V2 : Spectre v2 / SpectreRSB : Filling RSB on VMEXIT
[    0.076002] RETBleed: WARNING: Spectre v2 mitigation leaves CPU vulnerable to RETBleed attacks, data leaks possible!
[    0.080002] RETBleed: Vulnerable
[    0.084002] Speculative Store Bypass: Vulnerable
[    0.088093] MDS: Mitigation: Clear CPU buffers
[    0.090520] MMIO Stale Data: Mitigation: Clear CPU buffers
[    0.092015] SRBDS: Unknown: Dependent on hypervisor status
[    0.096149] Freeing SMP alternatives memory: 36K
[    0.211429] smpboot: CPU0: Intel(R) Core(TM) i9-9880H CPU @ 2.30GHz (family: 0x6, model: 0x9e, stepping: 0xd)
[    0.212135] Performance Events: unsupported p6 CPU model 158 no PMU driver, software events only.
[    0.216062] Hierarchical SRCU implementation.
[    0.220483] NMI watchdog: Perf event create on CPU 0 failed with -2
[    0.224002] NMI watchdog: Perf NMI watchdog permanently disabled
[    0.228125] smp: Bringing up secondary CPUs ...
[    0.230901] x86: Booting SMP configuration:
[    0.232002] .... node  #0, CPUs:      #1
[    0.004000] kvm-clock: cpu 1, msr 2:1ff50041, secondary cpu clock
[    0.240277]  #2
[    0.004000] kvm-clock: cpu 2, msr 2:1ff50081, secondary cpu clock
[    0.248412]  #3
[    0.004000] kvm-clock: cpu 3, msr 2:1ff500c1, secondary cpu clock
[    0.252197] smp: Brought up 1 node, 4 CPUs
[    0.256003] smpboot: Max logical packages: 1
[    0.258454] smpboot: Total of 4 processors activated (18469.74 BogoMIPS)
[    0.260289] devtmpfs: initialized
[    0.262397] x86/mm: Memory block size: 128MB
[    0.264703] evm: security.selinux
[    0.266701] evm: security.SMACK64
[    0.268000] evm: security.SMACK64EXEC
[    0.268003] evm: security.SMACK64TRANSMUTE
[    0.270370] evm: security.SMACK64MMAP
[    0.272002] evm: security.apparmor
[    0.274039] evm: security.ima
[    0.275861] evm: security.capability
[    0.276264] clocksource: jiffies: mask: 0xffffffff max_cycles: 0xffffffff, max_idle_ns: 7645041785100000 ns
[    0.280000] futex hash table entries: 1024 (order: 4, 65536 bytes)
[    0.280098] pinctrl core: initialized pinctrl subsystem
[    0.284310] RTC time:  9:33:19, date: 12/01/23
[    0.287343] NET: Registered protocol family 16
[    0.288081] audit: initializing netlink subsys (disabled)
[    0.291232] audit: type=2000 audit(1701423203.748:1): state=initialized audit_enabled=0 res=1
[    0.292092] cpuidle: using governor ladder
[    0.296007] cpuidle: using governor menu
[    0.300036] ACPI: bus type PCI registered
[    0.302438] acpiphp: ACPI Hot Plug PCI Controller Driver version: 0.5
[    0.304292] PCI: Using configuration type 1 for base access
[    0.308171] HugeTLB registered 2.00 MiB page size, pre-allocated 0 pages
[    0.312215] ACPI: Added _OSI(Module Device)
[    0.316026] ACPI: Added _OSI(Processor Device)
[    0.318563] ACPI: Added _OSI(3.0 _SCP Extensions)
[    0.320007] ACPI: Added _OSI(Processor Aggregator Device)
[    0.322993] ACPI: Added _OSI(Linux-Dell-Video)
[    0.324003] ACPI: Added _OSI(Linux-Lenovo-NV-HDMI-Audio)
[    0.327047] ACPI: Added _OSI(Linux-HPI-Hybrid-Graphics)
[    0.328566] ACPI: Executed 1 blocks of module-level executable AML code
[    0.337977] ACPI: Interpreter enabled
[    0.340011] ACPI: (supports S0 S5)
[    0.344003] ACPI: Using IOAPIC for interrupt routing
[    0.348346] PCI: Using host bridge windows from ACPI; if necessary, use "pci=nocrs" and report a bug
[    0.352204] ACPI: Enabled 2 GPEs in block 00 to 07
[    0.364606] ACPI: PCI Root Bridge [PCI0] (domain 0000 [bus 00-ff])
[    0.368000] acpi PNP0A03:00: _OSC: OS supports [ASPM ClockPM Segments MSI]
[    0.368682] acpi PNP0A03:00: _OSC: not requesting OS control; OS requires [ExtendedConfig ASPM ClockPM MSI]
[    0.372011] acpi PNP0A03:00: fail to add MMCONFIG information, can't access extended PCI configuration space under this bridge.
[    0.380576] PCI host bridge to bus 0000:00
[    0.382991] pci_bus 0000:00: root bus resource [io  0x0000-0x0cf7 window]
[    0.384003] pci_bus 0000:00: root bus resource [io  0x0d00-0xffff window]
[    0.388004] pci_bus 0000:00: root bus resource [mem 0x000a0000-0x000bffff window]
[    0.392000] pci_bus 0000:00: root bus resource [mem 0xe0000000-0xfdffffff window]
[    0.392003] pci_bus 0000:00: root bus resource [bus 00-ff]
[    0.405214] pci 0000:00:01.1: legacy IDE quirk: reg 0x10: [io  0x01f0-0x01f7]
[    0.408003] pci 0000:00:01.1: legacy IDE quirk: reg 0x14: [io  0x03f6]
[    0.416004] pci 0000:00:01.1: legacy IDE quirk: reg 0x18: [io  0x0170-0x0177]
[    0.420003] pci 0000:00:01.1: legacy IDE quirk: reg 0x1c: [io  0x0376]
[    0.521488] pci 0000:00:07.0: quirk: [io  0x4000-0x403f] claimed by PIIX4 ACPI
[    0.528030] pci 0000:00:07.0: quirk: [io  0x4100-0x410f] claimed by PIIX4 SMB
[    0.665450] ACPI: PCI Interrupt Link [LNKA] (IRQs 5 9 10 *11)
[    0.672688] ACPI: PCI Interrupt Link [LNKB] (IRQs 5 9 *10 11)
[    0.680176] ACPI: PCI Interrupt Link [LNKC] (IRQs 5 *9 10 11)
[    0.684406] ACPI: PCI Interrupt Link [LNKD] (IRQs 5 9 10 *11)
[    0.692406] SCSI subsystem initialized
[    0.700054] pci 0000:00:02.0: vgaarb: setting as boot VGA device
[    0.704000] pci 0000:00:02.0: vgaarb: VGA device added: decodes=io+mem,owns=io+mem,locks=none
[    0.716007] pci 0000:00:02.0: vgaarb: bridge control possible
[    0.724002] vgaarb: loaded
[    0.728038] ACPI: bus type USB registered
[    0.736017] usbcore: registered new interface driver usbfs
[    0.740016] usbcore: registered new interface driver hub
[    0.743148] usbcore: registered new device driver usb
[    0.744090] EDAC MC: Ver: 3.0.0
[    0.748391] PCI: Using ACPI for IRQ routing
[    0.751374] NetLabel: Initializing
[    0.752003] NetLabel:  domain hash size = 128
[    0.754649] NetLabel:  protocols = UNLABELED CIPSOv4 CALIPSO
[    0.756018] NetLabel:  unlabeled traffic allowed by default
[    0.760238] clocksource: Switched to clocksource kvm-clock
[    0.779493] VFS: Disk quotas dquot_6.6.0
[    0.784354] VFS: Dquot-cache hash table entries: 512 (order 0, 4096 bytes)
[    0.788508] AppArmor: AppArmor Filesystem Enabled
[    0.791410] pnp: PnP ACPI init
[    0.795692] pnp: PnP ACPI: found 3 devices
[    0.815922] clocksource: acpi_pm: mask: 0xffffff max_cycles: 0xffffff, max_idle_ns: 2085701024 ns
[    0.820858] NET: Registered protocol family 2
[    0.824206] IP idents hash table entries: 131072 (order: 8, 1048576 bytes)
[    0.828687] TCP established hash table entries: 65536 (order: 7, 524288 bytes)
[    0.833157] TCP bind hash table entries: 65536 (order: 8, 1048576 bytes)
[    0.837606] TCP: Hash tables configured (established 65536 bind 65536)
[    0.841436] UDP hash table entries: 4096 (order: 5, 131072 bytes)
[    0.845667] UDP-Lite hash table entries: 4096 (order: 5, 131072 bytes)
[    0.849657] NET: Registered protocol family 1
[    0.852430] pci 0000:00:00.0: Limiting direct PCI/PCI transfers
[    0.855982] pci 0000:00:01.0: Activating ISA DMA hang workarounds
[    0.859763] pci 0000:00:02.0: Video device with shadowed ROM at [mem 0x000c0000-0x000dffff]
[    0.865503] Unpacking initramfs...
[    0.898438] Freeing initrd memory: 19528K
[    1.117469] PCI-DMA: Using software bounce buffering for IO (SWIOTLB)
[    1.121135] software IO TLB: mapped [mem 0xdbff0000-0xdfff0000] (64MB)
[    1.125252] clocksource: tsc: mask: 0xffffffffffffffff max_cycles: 0x214760cf8c7, max_idle_ns: 440795284403 ns
[    1.130893] platform rtc_cmos: registered platform RTC device (no PNP device found)
[    1.135337] Scanning for low memory corruption every 60 seconds
[    1.140793] Initialise system trusted keyrings
[    1.143429] Key type blacklist registered
[    1.146510] workingset: timestamp_bits=36 max_order=21 bucket_order=0
[    1.150424] zbud: loaded
[    1.153866] squashfs: version 4.0 (2009/01/31) Phillip Lougher
[    1.158090] fuse init (API version 7.26)
[    1.171619] Key type asymmetric registered
[    1.174158] Asymmetric key parser 'x509' registered
[    1.177013] Block layer SCSI generic (bsg) driver version 0.4 loaded (major 246)
[    1.181581] io scheduler noop registered
[    1.184387] io scheduler deadline registered
[    1.186968] io scheduler cfq registered (default)
[    1.191193] ACPI: AC Adapter [AC] (off-line)
[    1.193780] input: Power Button as /devices/LNXSYSTM:00/LNXPWRBN:00/input/input0
[    1.198809] ACPI: Power Button [PWRF]
[    1.201353] input: Sleep Button as /devices/LNXSYSTM:00/LNXSLPBN:00/input/input1
[    1.205691] ACPI: Sleep Button [SLPF]
[    1.209341] Serial: 8250/16550 driver, 32 ports, IRQ sharing enabled
[    1.210980] ACPI: Battery Slot [BAT0] (battery present)
[    1.242284] 00:02: ttyS0 at I/O 0x3f8 (irq = 4, base_baud = 115200) is a 16550A
[    1.252426] Linux agpgart interface v0.103
[    1.258404] loop: module loaded
[    1.261976] scsi host0: ata_piix
[    1.264670] scsi host1: ata_piix
[    1.266758] ata1: PATA max UDMA/33 cmd 0x1f0 ctl 0x3f6 bmdma 0xd000 irq 14
[    1.268664] ata2: PATA max UDMA/33 cmd 0x170 ctl 0x376 bmdma 0xd008 irq 15
[    1.275924] tun: Universal TUN/TAP device driver, 1.6
[    1.279041] PPP generic driver version 2.4.2
[    1.281743] ehci_hcd: USB 2.0 'Enhanced' Host Controller (EHCI) Driver
[    1.285430] ehci-pci: EHCI PCI platform driver
[    1.288075] ehci-platform: EHCI generic platform driver
[    1.291166] ohci_hcd: USB 1.1 'Open' Host Controller (OHCI) Driver
[    1.294812] ohci-pci: OHCI PCI platform driver
[    1.297440] ohci-platform: OHCI generic platform driver
[    1.298793] uhci_hcd: USB Universal Host Controller Interface driver
[    1.304120] i8042: PNP: PS/2 Controller [PNP0303:PS2K,PNP0f03:PS2M] at 0x60,0x64 irq 1,12
[    1.311138] serio: i8042 KBD port at 0x60,0x64 irq 1
[    1.314116] serio: i8042 AUX port at 0x60,0x64 irq 12
[    1.317884] mousedev: PS/2 mouse device common for all mice
[    1.323813] input: AT Translated Set 2 keyboard as /devices/platform/i8042/serio0/input/input2
[    1.328654] rtc_cmos rtc_cmos: rtc core: registered rtc_cmos as rtc0
[    1.333447] rtc_cmos rtc_cmos: alarms up to one day, 114 bytes nvram
[    1.337062] i2c /dev entries driver
[    1.339436] device-mapper: uevent: version 1.0.3
[    1.342672] device-mapper: ioctl: 4.37.0-ioctl (2017-09-20) initialised: dm-devel@redhat.com
[    1.348743] ledtrig-cpu: registered to indicate activity on CPUs
[    1.353576] NET: Registered protocol family 10
[    1.362531] Segment Routing with IPv6
[    1.364844] NET: Registered protocol family 17
[    1.368384] Key type dns_resolver registered
[    1.372468] mce: Using 0 MCE banks
[    1.374665] RAS: Correctable Errors collector initialized.
[    1.376447] sched_clock: Marking stable (1372447427, 0)->(2022758887, -650311460)
[    1.384563] registered taskstats version 1
[    1.387100] Loading compiled-in X.509 certificates
[    1.393801] Loaded X.509 cert 'Build time autogenerated kernel key: b5b26778eaa3ab3a4a6cee031137706e947d12ad'
[    1.399676] Loaded X.509 cert 'Canonical Ltd. Live Patch Signing: 14df34d1a87cf37625abec039ef2bf521249b969'
[    1.405666] Loaded X.509 cert 'Canonical Ltd. Kernel Module Signing: 88f752e560a1e0737e31163a466ad7b70a850c19'
[    1.411299] blacklist: Loading compiled-in revocation X.509 certificates
[    1.415856] Loaded X.509 cert 'Canonical Ltd. Secure Boot Signing: 61482aa2830d0ab2ad5af10b7250da9033ddcef0'
[    1.421548] Loaded X.509 cert 'Canonical Ltd. Secure Boot Signing (2017): 242ade75ac4a15e50d50c84b0d45ff3eae707a03'
[    1.428089] Loaded X.509 cert 'Canonical Ltd. Secure Boot Signing (ESM 2018): 365188c1d374d6b07c3c8f240f8ef722433d6a8b'
[    1.451288] Loaded X.509 cert 'Canonical Ltd. Secure Boot Signing (2019): c0746fd6c5da3ae827864651ad66ae47fe24b3e8'
[    1.457738] Loaded X.509 cert 'Canonical Ltd. Secure Boot Signing (2021 v1): a8d54bbb3825cfb94fa13c9f8a594a195c107b8d'
[    1.468203] Loaded X.509 cert 'Canonical Ltd. Secure Boot Signing (2021 v2): 4cf046892d6fd3c9a5b03f98d845f90851dc6a8c'
[    1.474768] Loaded X.509 cert 'Canonical Ltd. Secure Boot Signing (2021 v3): 100437bb6de6e469b581e61cd66bce3ef4ed53af'
[    1.481341] Loaded X.509 cert 'Canonical Ltd. Secure Boot Signing (Ubuntu Core 2019): c1d57b8f6b743f23ee41f4f7ee292f06eecadfb9'
[    1.488420] zswap: loaded using pool lzo/zbud
[    1.498677] Key type big_key registered
[    1.501048] Key type trusted registered
[    1.506668] Key type encrypted registered
[    1.509202] AppArmor: AppArmor sha1 policy hashing enabled
[    1.512399] ima: No TPM chip found, activating TPM-bypass! (rc=-19)
[    1.516008] ima: Allocated hash algorithm: sha1
[    1.518763] evm: HMAC attrs: 0x1
[    1.521944]   Magic number: 3:95:575
[    1.524625]  workqueue: hash matches
[    1.527492] rtc_cmos rtc_cmos: setting system clock to 2023-12-01 09:33:20 UTC (1701423200)
[    1.533130] BIOS EDD facility v0.16 2004-Jun-25, 0 devices found
[    1.536596] EDD information not available.
[    1.542004] Freeing unused kernel image memory: 2480K
[    1.564138] Write protecting the kernel read-only data: 20480k
[    1.571196] Freeing unused kernel image memory: 2008K
[    1.575393] Freeing unused kernel image memory: 1820K
[    1.586015] x86/mm: Checked W+X mappings: passed, no W+X pages found.
[    1.591139] x86/mm: Checking user space page tables
[    1.600250] x86/mm: Checked W+X mappings: passed, no W+X pages found.
Loading, please wait...
starting version 237
[    1.675177] e1000: Intel(R) PRO/1000 Network Driver - version 7.3.21-k8-NAPI
[    1.680561] e1000: Copyright (c) 1999-2006 Intel Corporation.
[    1.684936] Fusion MPT base driver 3.04.20
[    1.688504] Copyright (c) 1999-2008 LSI Corporation
[    1.705963] Fusion MPT SPI Host driver 3.04.20
[    1.711741] AVX2 version of gcm_enc/dec engaged.
[    1.715340] AES CTR mode by8 optimization enabled
[    1.919905] input: ImExPS/2 Generic Explorer Mouse as /devices/platform/i8042/serio1/input/input4
[    2.163063] e1000 0000:00:03.0 eth0: (PCI:33MHz:32-bit) 02:3b:7b:b7:3b:2d
[    2.167074] e1000 0000:00:03.0 eth0: Intel(R) PRO/1000 Network Connection
[    2.172421] mptbase: ioc0: Initiating bringup
[    2.283665] ioc0: LSI53C1030 A0: Capabilities={Initiator}
[    2.535525] scsi host2: ioc0: LSI53C1030 A0, FwRev=00000000h, Ports=1, MaxQ=256, IRQ=20
[    2.710567] scsi 2:0:0:0: Direct-Access     VBOX     HARDDISK         1.0  PQ: 0 ANSI: 5
[    2.756975] scsi target2:0:0: Beginning Domain Validation
[    2.767495] scsi target2:0:0: Domain Validation skipping write tests
[    2.772282] scsi target2:0:0: Ending Domain Validation
[    2.776009] scsi target2:0:0: asynchronous
[    2.779702] scsi 2:0:1:0: Direct-Access     VBOX     HARDDISK         1.0  PQ: 0 ANSI: 5
[    3.044627] scsi target2:0:1: Beginning Domain Validation
[    3.050282] scsi target2:0:1: Domain Validation skipping write tests
[    3.054091] scsi target2:0:1: Ending Domain Validation
[    3.057492] scsi target2:0:1: asynchronous
[    3.066705] sd 2:0:0:0: [sda] 83886080 512-byte logical blocks: (42.9 GB/40.0 GiB)
[    3.071503] sd 2:0:0:0: [sda] Write Protect is off
[    3.074840] sd 2:0:0:0: [sda] Incomplete mode parameter data
[    3.078412] sd 2:0:0:0: [sda] Assuming drive cache: write through
[    3.082930] sd 2:0:0:0: Attached scsi generic sg0 type 0
[    3.088001] sd 2:0:1:0: Attached scsi generic sg1 type 0
[    3.091738] sd 2:0:1:0: [sdb] 20480 512-byte logical blocks: (10.5 MB/10.0 MiB)
[    3.092777]  sda: sda1
[    3.099014] sd 2:0:1:0: [sdb] Write Protect is off
[    3.100777] sd 2:0:0:0: [sda] Attached SCSI disk
[    3.107221] sd 2:0:1:0: [sdb] Incomplete mode parameter data
[    3.110975] sd 2:0:1:0: [sdb] Assuming drive cache: write through
[    3.119550] sd 2:0:1:0: [sdb] Attached SCSI disk
[    3.208246] e1000 0000:00:08.0 eth1: (PCI:33MHz:32-bit) 08:00:27:d2:f4:eb
[    3.212016] e1000 0000:00:08.0 eth1: Intel(R) PRO/1000 Network Connection
[    3.679667] e1000 0000:00:09.0 eth2: (PCI:33MHz:32-bit) 08:00:27:bb:a8:83
[    3.683838] e1000 0000:00:09.0 eth2: Intel(R) PRO/1000 Network Connection
[    4.144682] e1000 0000:00:0a.0 eth3: (PCI:33MHz:32-bit) 08:00:27:c9:9b:11
[    4.148882] e1000 0000:00:0a.0 eth3: Intel(R) PRO/1000 Network Connection
[    4.604326] e1000 0000:00:10.0 eth4: (PCI:33MHz:32-bit) 08:00:27:f0:2b:5e
[    4.608445] e1000 0000:00:10.0 eth4: Intel(R) PRO/1000 Network Connection
[    5.061851] e1000 0000:00:11.0 eth5: (PCI:33MHz:32-bit) 08:00:27:3a:c8:9a
[    5.066156] e1000 0000:00:11.0 eth5: Intel(R) PRO/1000 Network Connection
[    5.073526] e1000 0000:00:03.0 enp0s3: renamed from eth0
[    5.178845] e1000 0000:00:11.0 enp0s17: renamed from eth5
[    5.848571] e1000 0000:00:10.0 enp0s16: renamed from eth4
[    5.880809] e1000 0000:00:0a.0 enp0s10: renamed from eth3
[    6.545087] e1000 0000:00:08.0 enp0s8: renamed from eth1
[    6.579029] e1000 0000:00:09.0 enp0s9: renamed from eth2
Begin: Loading essential drivers ... [    8.632446] raid6: sse2x1   gen() 12712 MB/s
[    8.680732] raid6: sse2x1   xor()  7443 MB/s
[    8.733307] raid6: sse2x2   gen() 16026 MB/s
[    8.784220] raid6: sse2x2   xor() 10014 MB/s
[    8.832413] raid6: sse2x4   gen() 16301 MB/s
[    8.880928] raid6: sse2x4   xor() 10145 MB/s
[    8.932356] raid6: avx2x1   gen() 25451 MB/s
[    8.980197] raid6: avx2x1   xor() 14819 MB/s
[    9.028284] raid6: avx2x2   gen() 28873 MB/s
[    9.076096] raid6: avx2x2   xor() 19361 MB/s
[    9.124080] raid6: avx2x4   gen() 30905 MB/s
[    9.173174] raid6: avx2x4   xor() 21029 MB/s
[    9.177019] raid6: using algorithm avx2x4 gen() 30905 MB/s
[    9.180121] raid6: .... xor() 21029 MB/s, rmw enabled
[    9.183731] raid6: using avx2x2 recovery algorithm
[    9.189061] xor: automatically using best checksumming function   avx       
[    9.194265] async_tx: api initialized (async)
done.
Begin: Running /scripts/init-premount ... done.
Begin: Mounting root file system ... Begin: Running /scripts/local-top ... done.
Begin: Running /scripts/local-premount ... [    9.250068] Btrfs loaded, crc32c=crc32c-intel
Scanning for Btrfs filesystems
done.
Warning: fsck not present, so skipping root file system
[    9.280884] EXT4-fs (sda1): mounted filesystem with ordered data mode. Opts: (null)
done.
Begin: Running /scripts/local-bottom ... done.
Begin: Running /scripts/init-bottom ... done.
[    9.436226] ip_tables: (C) 2000-2006 Netfilter Core Team
[    9.448661] systemd[1]: systemd 237 running in system mode. (+PAM +AUDIT +SELINUX +IMA +APPARMOR +SMACK +SYSVINIT +UTMP +LIBCRYPTSETUP +GCRYPT +GNUTLS +ACL +XZ +LZ4 +SECCOMP +BLKID +ELFUTILS +KMOD -IDN2 +IDN -PCRE2 default-hierarchy=hybrid)
[    9.460437] systemd[1]: Detected virtualization oracle.
[    9.463510] systemd[1]: Detected architecture x86-64.

Welcome to [1mUbuntu 18.04.6 LTS[0m!

[    9.490138] systemd[1]: Set hostname to <ubuntu>.
[    9.495960] systemd[1]: Initializing machine ID from random generator.
[    9.499694] systemd[1]: Installed transient /etc/machine-id file.
[    9.750324] systemd[1]: Created slice User and Session Slice.
[[0;32m  OK  [0m] Created slice User and Session Slice.
[    9.756160] systemd[1]: Started Forward Password Requests to Wall Directory Watch.
[[0;32m  OK  [0m] Started Forward Password Requests to Wall Directory Watch.
[    9.763229] systemd[1]: Set up automount Arbitrary Executable File Formats File System Automount Point.
[[0;32m  OK  [0m] Set up automount Arbitrary Executab…rmats File System Automount Point.
[    9.771470] systemd[1]: Reached target User and Group Name Lookups.
[[0;32m  OK  [0m] Reached target User and Group Name Lookups.
[[0;32m  OK  [0m] Reached target Mounting snaps.
[[0;32m  OK  [0m] Reached target Mounted snaps.
[[0;32m  OK  [0m] Created slice System Slice.
[[0;32m  OK  [0m] Listening on udev Control Socket.
[[0;32m  OK  [0m] Listening on /dev/initctl Compatibility Named Pipe.
[[0;32m  OK  [0m] Listening on Device-mapper event daemon FIFOs.
[[0;32m  OK  [0m] Listening on Syslog Socket.
[[0;32m  OK  [0m] Listening on Network Service Netlink Socket.
[[0;32m  OK  [0m] Listening on Journal Socket.
         Starting Set the console keyboard layout...
         Mounting Kernel Debug File System...
         Starting Load Kernel Modules...
[[0;32m  OK  [0m] Listening on Journal Audit Socket.
         Mounting POSIX Message Queue File System...
         Starting Uncomplicated firewall...
[[0;32m  OK  [0m] Listening on Journal Socket (/dev/log).
         Starting Journal Service...
[[0;32m  OK  [0m] Created slice system-serial\x2dgetty.slice.
[[    9.835875] Loading iSCSI transport class v2.0-870.
[0;32m  OK  [0m] Reached target Slices.
[[0;32m  OK  [0m] Listening on LVM2 poll daemon socket.
[[0;32m  OK  [0m] Listening on fsck to fsckd communication Socket.
[    9.850407] iscsi: registered transport (tcp)
         Starting File System Check on Root Device...
         Starting Create list of required st…ce nodes for the current kernel...
[[0;32m  OK  [0m] Reached target Swap.
         Mounting Huge Pages File System...
[[0;32m  OK  [0m] Listening on udev Kernel Socket.
         Starting udev Coldplug all Devices...
[[0;32m  OK  [0m] Reached target System Time Synchronized.
[[0;32m  OK  [0m] Listening on LVM2 metadata daemon socket.
         Starting Monitoring of LVM2 mirrors…ng dmeventd or progress polling...
[    9.913472] iscsi: registered transport (iser)
[[0;32m  OK  [0m] Started Journal Service.
[[0;32m  OK  [0m] Mounted Kernel Debug File System.
[[0;32m  OK  [0m] Started Load Kernel Modules.
[[0;32m  OK  [0m] Mounted POSIX Message Queue File System.
[[0;32m  OK  [0m] Started Uncomplicated firewall.
[[0;32m  OK  [0m] Started Create list of required sta…vice nodes for the current kernel.
[[0;32m  OK  [0m] Mounted Huge Pages File System.
[[0;32m  OK  [0m] Started File System Check Daemon to report status.
         Starting Create Static Device Nodes in /dev...
         Starting Apply Kernel Variables...
         Mounting FUSE Control File System...
         Mounting Kernel Configuration File System...
[[0;32m  OK  [0m] Mounted FUSE Control File System.
[[0;32m  OK  [0m] Mounted Kernel Configuration File System.
[[0;32m  OK  [0m] Started LVM2 metadata daemon.
[[0;32m  OK  [0m] Started File System Check on Root Device.
         Starting Remount Root and Kernel File Systems...
[[0;32m  OK  [0m] Started Create Static Device Nodes in /dev.
[[0;32m  OK  [0m] Started udev Coldplug all Devices.
[[0;32m  OK  [0m] Started Apply Kernel Variables.
[[0;32m  OK  [0m] Started Remount Root and Kernel File Systems.
         Starting udev Kernel Device Manager...
         Starting Flush Journal to Persistent Storage...
         Starting Load/Save Random Seed...
[[0;32m  OK  [0m] Started Monitoring of LVM2 mirrors,…sing dmeventd or progress polling.
[[0;32m  OK  [0m] Started udev Kernel Device Manager.
[[0;32m  OK  [0m] Started Load/Save Random Seed.
[[0;32m  OK  [0m] Started Flush Journal to Persistent Storage.
[[0;32m  OK  [0m] Found device /dev/ttyS0.
[[0;32m  OK  [0m] Listening on Load/Save RF Kill Switch Status /dev/rfkill Watch.
         Mounting Arbitrary Executable File Formats File System...
[[0;32m  OK  [0m] Mounted Arbitrary Executable File Formats File System.
[[0;32m  OK  [0m] Started Set the console keyboard layout.
[[0;32m  OK  [0m] Reached target Local File Systems (Pre).
[[0;32m  OK  [0m] Reached target Local File Systems.
         Starting Set console font and keymap...
         Starting Create Volatile Files and Directories...
         Starting AppArmor initialization...
         Starting Tell Plymouth To Write Out Runtime Data...
         Starting Commit a transient machine-id on disk...
         Starting ebtables ruleset management...
[[0;32m  OK  [0m] Started Dispatch Password Requests to Console Directory Watch.
[[0;32m  OK  [0m] Reached target Local Encrypted Volumes.
[[0;32m  OK  [0m] Started Create Volatile Files and Directories.
         Starting Update UTMP about System Boot/Shutdown...
[[0;32m  OK  [0m] Started Tell Plymouth To Write Out Runtime Data.
[[0;32m  OK  [0m] Started Update UTMP about System Boot/Shutdown.
[[0;32m  OK  [0m] Started Commit a transient machine-id on disk.
[[0;32m  OK  [0m] Started ebtables ruleset management.
[[0;32m  OK  [0m] Started AppArmor initialization.
         Starting Initial cloud-init job (pre-networking)...
         Starting Load AppArmor profiles managed internally by snapd...
[[0;32m  OK  [0m] Started Load AppArmor profiles managed internally by snapd.
[[0;32m  OK  [0m] Started Set console font and keymap.
[   13.067532] cloud-init[873]: Cloud-init v. 23.1.2-0ubuntu0~18.04.1 running 'init-local' at Fri, 01 Dec 2023 09:33:31 +0000. Up 12.76 seconds.
[[0;32m  OK  [0m] Started Initial cloud-init job (pre-networking).
[[0;32m  OK  [0m] Reached target Network (Pre).
         Starting Network Service...
[[0;32m  OK  [0m] Started Network Service.
         Starting Wait for Network to be Configured...
         Starting Network Name Resolution...
[[0;32m  OK  [0m] Started Network Name Resolution.
[[0;32m  OK  [0m] Reached target Host and Network Name Lookups.
[[0;32m  OK  [0m] Reached target Network.
[[0;32m  OK  [0m] Started Wait for Network to be Configured.
         Starting Initial cloud-init job (metadata service crawler)...
[   15.637007] cloud-init[1034]: Cloud-init v. 23.1.2-0ubuntu0~18.04.1 running 'init' at Fri, 01 Dec 2023 09:33:34 +0000. Up 15.51 seconds.
[   15.641747] cloud-init[1034]: ci-info: +++++++++++++++++++++++++++++++++++++++Net device info+++++++++++++++++++++++++++++++++++++++
[   15.645442] cloud-init[1034]: ci-info: +---------+-------+----------------------------+---------------+--------+-------------------+
[   15.648696] cloud-init[1034]: ci-info: |  Device |   Up  |          Address           |      Mask     | Scope  |     Hw-Address    |
[   15.651860] cloud-init[1034]: ci-info: +---------+-------+----------------------------+---------------+--------+-------------------+
[   15.655110] cloud-init[1034]: ci-info: | enp0s10 | False |             .              |       .       |   .    | 08:00:27:c9:9b:11 |
[   15.659647] cloud-init[1034]: ci-info: | enp0s16 | False |             .              |       .       |   .    | 08:00:27:f0:2b:5e |
[   15.662660] cloud-init[1034]: ci-info: | enp0s17 | False |             .              |       .       |   .    | 08:00:27:3a:c8:9a |
[   15.665297] cloud-init[1034]: ci-info: |  enp0s3 |  True |         10.0.2.15          | 255.255.255.0 | global | 02:3b:7b:b7:3b:2d |
[   15.668605] cloud-init[1034]: ci-info: |  enp0s3 |  True | fe80::3b:7bff:feb7:3b2d/64 |       .       |  link  | 02:3b:7b:b7:3b:2d |
[   15.671909] cloud-init[1034]: ci-info: |  enp0s8 | False |             .              |       .       |   .    | 08:00:27:d2:f4:eb |
[   15.675103] cloud-init[1034]: ci-info: |  enp0s9 | False |             .              |       .       |   .    | 08:00:27:bb:a8:83 |
[   15.678217] cloud-init[1034]: ci-info: |    lo   |  True |         127.0.0.1          |   255.0.0.0   |  host  |         .         |
[   15.681419] cloud-init[1034]: ci-info: |    lo   |  True |          ::1/128           |       .       |  host  |         .         |
[   15.684086] cloud-init[1034]: ci-info: +---------+-------+----------------------------+---------------+--------+-------------------+
[   15.687498] cloud-init[1034]: ci-info: ++++++++++++++++++++++++++++Route IPv4 info+++++++++++++++++++++++++++++
[   15.690461] cloud-init[1034]: ci-info: +-------+-------------+----------+-----------------+-----------+-------+
[   15.692802] cloud-init[1034]: ci-info: | Route | Destination | Gateway  |     Genmask     | Interface | Flags |
[   15.695111] cloud-init[1034]: ci-info: +-------+-------------+----------+-----------------+-----------+-------+
[   15.697455] cloud-init[1034]: ci-info: |   0   |   0.0.0.0   | 10.0.2.2 |     0.0.0.0     |   enp0s3  |   UG  |
[   15.699772] cloud-init[1034]: ci-info: |   1   |   10.0.2.0  | 0.0.0.0  |  255.255.255.0  |   enp0s3  |   U   |
[   15.702758] cloud-init[1034]: ci-info: |   2   |   10.0.2.2  | 0.0.0.0  | 255.255.255.255 |   enp0s3  |   UH  |
[   15.705994] cloud-init[1034]: ci-info: +-------+-------------+----------+-----------------+-----------+-------+
[   15.708828] cloud-init[1034]: ci-info: +++++++++++++++++++Route IPv6 info+++++++++++++++++++
[   15.711431] cloud-init[1034]: ci-info: +-------+-------------+---------+-----------+-------+
[   15.714432] cloud-init[1034]: ci-info: | Route | Destination | Gateway | Interface | Flags |
[   15.716444] cloud-init[1034]: ci-info: +-------+-------------+---------+-----------+-------+
[   15.718457] cloud-init[1034]: ci-info: |   1   |  fe80::/64  |    ::   |   enp0s3  |   U   |
[   15.720529] cloud-init[1034]: ci-info: |   3   |    local    |    ::   |   enp0s3  |   U   |
[   15.722572] cloud-init[1034]: ci-info: |   4   |   ff00::/8  |    ::   |   enp0s3  |   U   |
[   15.724627] cloud-init[1034]: ci-info: +-------+-------------+---------+-----------+-------+
[   16.405746] cloud-init[1034]: Generating public/private rsa key pair.
[   16.408205] cloud-init[1034]: Your identification has been saved in /etc/ssh/ssh_host_rsa_key.
[   16.410262] cloud-init[1034]: Your public key has been saved in /etc/ssh/ssh_host_rsa_key.pub.
[   16.412443] cloud-init[1034]: The key fingerprint is:
[   16.413696] cloud-init[1034]: SHA256:uBL7svcRPHWZheg2usIbTOZZp/YnPQVuQ/Yivq5rPFA root@ubuntu-bionic
[   16.415817] cloud-init[1034]: The key's randomart image is:
[   16.417171] cloud-init[1034]: +---[RSA 2048]----+
[   16.418354] cloud-init[1034]: |           . ..  |
[   16.419522] cloud-init[1034]: |          . .+   |
[   16.420716] cloud-init[1034]: |         .. +    |
[   16.421889] cloud-init[1034]: |       oE.+.+    |
[   16.423079] cloud-init[1034]: |    . +.So.= o   |
[   16.424209] cloud-init[1034]: |     B.+.=. = o  |
[   16.425381] cloud-init[1034]: |    o.*o+o + +   |
[   16.426521] cloud-init[1034]: |    .o+o=oo +    |
[   16.427667] cloud-init[1034]: |    .+o=+=++ .   |
[   16.428814] cloud-init[1034]: +----[SHA256]-----+
[   16.429969] cloud-init[1034]: Generating public/private dsa key pair.
[   16.431473] cloud-init[1034]: Your identification has been saved in /etc/ssh/ssh_host_dsa_key.
[   16.433478] cloud-init[1034]: Your public key has been saved in /etc/ssh/ssh_host_dsa_key.pub.
[   16.435446] cloud-init[1034]: The key fingerprint is:
[   16.436659] cloud-init[1034]: SHA256:AKhorRdsYip8VXbYC7TmuZwGHv0nOYL7vHVc2jV+6p4 root@ubuntu-bionic
[   16.438709] cloud-init[1034]: The key's randomart image is:
[   16.439997] cloud-init[1034]: +---[DSA 1024]----+
[   16.441179] cloud-init[1034]: |   .. ..o        |
[   16.442333] cloud-init[1034]: |  .  . =.o       |
[   16.443503] cloud-init[1034]: |..o   +oo .      |
[   16.444659] cloud-init[1034]: |o+ = .+...       |
[   16.445821] cloud-init[1034]: |= + oo +S    . o |
[   16.446964] cloud-init[1034]: |oo o. = + o + o .|
[   16.448124] cloud-init[1034]: |. o  o * * = . ..|
[   16.449289] cloud-init[1034]: |      + o =    o.|
[   16.450433] cloud-init[1034]: |     ..+.    oE  |
[   16.451582] cloud-init[1034]: +----[SHA256]-----+
[   16.452746] cloud-init[1034]: Generating public/private ecdsa key pair.
[   16.454288] cloud-init[1034]: Your identification has been saved in /etc/ssh/ssh_host_ecdsa_key.
[   16.456328] cloud-init[1034]: Your public key has been saved in /etc/ssh/ssh_host_ecdsa_key.pub.
[   16.458323] cloud-init[1034]: The key fingerprint is:
[   16.459521] cloud-init[1034]: SHA256:eI8hB73qIJZq6x0P4IwNJKSQhRFAXgfBpqxOmukBqS8 root@ubuntu-bionic
[   16.461576] cloud-init[1034]: The key's randomart image is:
[   16.462901] cloud-init[1034]: +---[ECDSA 256]---+
[   16.464049] cloud-init[1034]: |BOo+o.           |
[   16.465831] cloud-init[1034]: |B .o.  .         |
[   16.467019] cloud-init[1034]: |+oo   . .        |
[   16.468208] cloud-init[1034]: |o+     o .       |
[   16.469409] cloud-init[1034]: |=.    o S        |
[   16.470583] cloud-init[1034]: |B+..   = +       |
[   16.471759] cloud-init[1034]: |**=o. . . .      |
[   16.472963] cloud-init[1034]: |E*o.+o           |
[   16.474143] cloud-init[1034]: |==o. ..          |
[   16.475317] cloud-init[1034]: +----[SHA256]-----+
[   16.476506] cloud-init[1034]: Generating public/private ed25519 key pair.
[   16.478114] cloud-init[1034]: Your identification has been saved in /etc/ssh/ssh_host_ed25519_key.
[   16.480264] cloud-init[1034]: Your public key has been saved in /etc/ssh/ssh_host_ed25519_key.pub.
[   16.482356] cloud-init[1034]: The key fingerprint is:
[   16.483627] cloud-init[1034]: SHA256:EAza+B1NbMTrqbPEYmRzUX5NgjloVPq8xnSSFtbo/Ng root@ubuntu-bionic
[   16.485752] cloud-init[1034]: The key's randomart image is:
[   16.487077] cloud-init[1034]: +--[ED25519 256]--+
[   16.488273] cloud-init[1034]: |    .+o*=o. .    |
[   16.489440] cloud-init[1034]: |   +  +BBo +     |
[   16.490612] cloud-init[1034]: |  o ..=.*oo .    |
[   16.491773] cloud-init[1034]: |   . . X.+       |
[   16.492992] cloud-init[1034]: |    = o.S..      |
[   16.494188] cloud-init[1034]: |   o + +oB       |
[   16.495375] cloud-init[1034]: |    o o.= E      |
[   16.496582] cloud-init[1034]: |   . oo.         |
[   16.497818] cloud-init[1034]: |      .o         |
[   16.498998] cloud-init[1034]: +----[SHA256]-----+
[[0;32m  OK  [0m] Started Initial cloud-init job (metadata service crawler).
[[0;32m  OK  [0m] Reached target Network is Online.
[[0;32m  OK  [0m] Reached target Remote File Systems (Pre).
[[0;32m  OK  [0m] Reached target Remote File Systems.
         Starting Availability of block devices...
[[0;32m  OK  [0m] Reached target System Initialization.
[[0;32m  OK  [0m] Started Daily Cleanup of Temporary Directories.
[[0;32m  OK  [0m] Listening on Open-iSCSI iscsid Socket.
[[0;32m  OK  [0m] Started ACPI Events Check.
[[0;32m  OK  [0m] Listening on UUID daemon activation socket.
[[0;32m  OK  [0m] Listening on cloud-init hotplug hook socket.
[[0;32m  OK  [0m] Listening on D-Bus System Message Bus Socket.
         Starting LXD - unix socket.
[[0;32m  OK  [0m] Started Daily apt download activities.
[[0;32m  OK  [0m] Started Daily apt upgrade and clean activities.
         Starting Socket activation for snappy daemon.
[[0;32m  OK  [0m] Started Discard unused blocks once a week.
[[0;32m  OK  [0m] Started Ubuntu Advantage Timer for running repeated jobs.
[[0;32m  OK  [0m] Listening on ACPID Listen Socket.
[[0;32m  OK  [0m] Started Message of the Day.
[[0;32m  OK  [0m] Reached target Timers.
[[0;32m  OK  [0m] Reached target Paths.
[[0;32m  OK  [0m] Reached target Cloud-config availability.
[[0;32m  OK  [0m] Started Availability of block devices.
[[0;32m  OK  [0m] Listening on LXD - unix socket.
[[0;32m  OK  [0m] Listening on Socket activation for snappy daemon.
[[0;32m  OK  [0m] Reached target Sockets.
[[0;32m  OK  [0m] Reached target Basic System.
         Starting Virtualbox guest utils...
         Starting Login Service...
         Starting Pollinate to seed the pseudo random number generator...
         Starting LSB: automatic crash report generation...
[[0;32m  OK  [0m] Started D-Bus System Message Bus.
[[0;32m  OK  [0m] Started FUSE filesystem for LXC.
         Starting Dispatcher daemon for systemd-networkd...
         Starting LSB: Record successful boot for GRUB...
[[0;32m  OK  [0m] Reached target Login Prompts (Pre).
         Starting System Logging Service...
         Starting Permit User Sessions...
[[0;32m  OK  [0m] Started irqbalance daemon.
[[0;32m  OK  [0m] Started Regular background program processing daemon.
         Starting Accounts Service...
[[0;32m  OK  [0m] Started Deferred execution scheduler.
         Starting Snap Daemon...
         Starting LXD - container startup/shutdown...
[[0;32m  OK  [0m] Started System Logging Service.
[[0;32m  OK  [0m] Started Permit User Sessions.
[[0;32m  OK  [0m] Started Login Service.
[[0;32m  OK  [0m] Started Unattended Upgrades Shutdown.
         Starting Terminate Plymouth Boot Screen...
         Starting Hold until boot process finishes up...
[[0;32m  OK  [0m] Started Hold until boot process finishes up.
         Starting Set console scheme...
[[0;32m  OK  [0m] Started Serial Getty on ttyS0.
[[0;32m  OK  [0m] Started Terminate Plymouth Boot Screen.
[[0;32m  OK  [0m] Started LSB: automatic crash report generation.
[[0;32m  OK  [0m] Started Set console scheme.
         Starting Authorization Manager...
[[0;32m  OK  [0m] Created slice system-getty.slice.
[[0;32m  OK  [0m] Started Getty on tty1.
[[0;32m  OK  [0m] Reached target Login Prompts.
[[0;32m  OK  [0m] Started Virtualbox guest utils.
[[0;32m  OK  [0m] Started Dispatcher daemon for systemd-networkd.
[[0;32m  OK  [0m] Started LSB: Record successful boot for GRUB.
[[0;32m  OK  [0m] Started Authorization Manager.
[[0;32m  OK  [0m] Started Accounts Service.
[[0;32m  OK  [0m] Started LXD - container startup/shutdown.
[[0;32m  OK  [0m] Started Snap Daemon.
         Starting Wait until snapd is fully seeded...
[[0;32m  OK  [0m] Started Pollinate to seed the pseudo random number generator.
         Starting OpenBSD Secure Shell server...
[[0;32m  OK  [0m] Started OpenBSD Secure Shell server.
         Starting Time & Date Service...
[[0;32m  OK  [0m] Started Time & Date Service.
[[0;32m  OK  [0m] Created slice User Slice of vagrant.
         Starting User Manager for UID 1000...
[[0;32m  OK  [0m] Started Session 1 of user vagrant.
[[0;32m  OK  [0m] Started User Manager for UID 1000.
[[0;32m  OK  [0m] Started Wait until snapd is fully seeded.
         Starting Apply the settings specified in cloud-config...
[   20.803381] cloud-init[1725]: Cloud-init v. 23.1.2-0ubuntu0~18.04.1 running 'modules:config' at Fri, 01 Dec 2023 09:33:39 +0000. Up 20.46 seconds.
[[0;32m  OK  [0m] Started Apply the settings specified in cloud-config.
[[0;32m  OK  [0m] Reached target Multi-User System.
[[0;32m  OK  [0m] Reached target Graphical Interface.
         Starting Update UTMP about System Runlevel Changes...
         Starting Execute cloud user/final scripts...
[[0;32m  OK  [0m] Started Update UTMP about System Runlevel Changes.
ci-info: no authorized SSH keys fingerprints found for user ubuntu.
<14>Dec  1 09:33:40 cloud-init: #############################################################
<14>Dec  1 09:33:40 cloud-init: -----BEGIN SSH HOST KEY FINGERPRINTS-----
<14>Dec  1 09:33:40 cloud-init: 1024 SHA256:AKhorRdsYip8VXbYC7TmuZwGHv0nOYL7vHVc2jV+6p4 root@ubuntu-bionic (DSA)
<14>Dec  1 09:33:40 cloud-init: 256 SHA256:eI8hB73qIJZq6x0P4IwNJKSQhRFAXgfBpqxOmukBqS8 root@ubuntu-bionic (ECDSA)
<14>Dec  1 09:33:40 cloud-init: 256 SHA256:EAza+B1NbMTrqbPEYmRzUX5NgjloVPq8xnSSFtbo/Ng root@ubuntu-bionic (ED25519)
<14>Dec  1 09:33:40 cloud-init: 2048 SHA256:uBL7svcRPHWZheg2usIbTOZZp/YnPQVuQ/Yivq5rPFA root@ubuntu-bionic (RSA)
<14>Dec  1 09:33:40 cloud-init: -----END SSH HOST KEY FINGERPRINTS-----
<14>Dec  1 09:33:40 cloud-init: #############################################################
-----BEGIN SSH HOST KEY KEYS-----
ecdsa-sha2-nistp256 AAAAE2VjZHNhLXNoYTItbmlzdHAyNTYAAAAIbmlzdHAyNTYAAABBBP2Rw+Yul10ci6yrhdpfKrOz4msaxXGml+2VcHHRrfnYKmql92wDcNJYqWRSE3YvplaUZmURG0WItRQ4tEQ5siI= root@ubuntu-bionic
ssh-ed25519 AAAAC3NzaC1lZDI1NTE5AAAAID6BltlA73RpgtuuA6lFn+O1SsW14xrAmJeyEW6P9xHB root@ubuntu-bionic
ssh-rsa AAAAB3NzaC1yc2EAAAADAQABAAABAQC39gZtD5xkGRcibd5qXcfRX9zwkwwqVCdOF6vrWACfc4DPkpLVmBtXVRABR+Vps+jqgaBSXikm3OCP/jU3nNai0KxxEyx1WUY0oWGCpZk+uEboHY4dX6eVkBMGXBmUCEAAr2i5URyVuK0q2qxud7aF5DwbITo6lqo3/Qihnu8LxH+56nVdFibeG/dmNJDhqmn7UGetNag1+6WmO+zzfmih8uECFZyKjir4G749GaS/3dHMIx9Xg5ego0nLPRt5ghyotrRRddr8nBCdowtHvMQS/tITP7p1PKs4Ys1mCXGtSouSAmQHZ9XUHDVhqNUhZJRdLWgx2GqGYIZZvXxdJUKv root@ubuntu-bionic
-----END SSH HOST KEY KEYS-----
[   21.453454] cloud-init[1861]: Cloud-init v. 23.1.2-0ubuntu0~18.04.1 running 'modules:final' at Fri, 01 Dec 2023 09:33:40 +0000. Up 21.24 seconds.
[   21.457257] cloud-init[1861]: Cloud-init v. 23.1.2-0ubuntu0~18.04.1 finished at Fri, 01 Dec 2023 09:33:40 +0000. Datasource DataSourceNoCloud [seed=/dev/sdb][dsmode=net].  Up 21.44 seconds
[[0;32m  OK  [0m] Started Execute cloud user/final scripts.
[[0;32m  OK  [0m] Reached target Cloud-init target.

Ubuntu 18.04.6 LTS ubuntu-bionic ttyS0

ubuntu-bionic login: 